<?xml version="1.0" encoding="UTF-8"?>
<!-- Generated by org.testng.reporters.JUnitReportReporter -->
<testsuite hostname="AGI-LT-1593" failures="0" tests="1" name="AmazonTest.AmazonTest001" time="14.862" errors="0" timestamp="2021-10-12T10:38:49 IST" skipped="0">
  <testcase classname="AmazonTest.AmazonTest001" name="TS001" time="14.862"/>
  <system-out/>
</testsuite> <!-- AmazonTest.AmazonTest001 -->
