<?xml version="1.0" encoding="UTF-8"?>
<!-- Generated by org.testng.reporters.JUnitReportReporter -->
<testsuite hostname="AGI-LT-1593" failures="0" tests="1" name="AmazonTest.base" time="11.219" errors="0" timestamp="2021-10-11T11:55:40 IST" skipped="0">
  <testcase classname="AmazonTest.base" name="BrowserCall" time="11.219"/>
  <system-out/>
</testsuite> <!-- AmazonTest.base -->
