<?xml version="1.0" encoding="UTF-8"?>
<!-- Generated by org.testng.reporters.JUnitReportReporter -->
<testsuite hostname="AGI-LT-1593" failures="0" tests="1" name="com.jarvis.pran.ArisGlobalMavenAuto.TestNGDemo5_2" time="12.495" errors="0" timestamp="2021-10-07T12:55:54 IST" skipped="0">
  <testcase classname="com.jarvis.pran.ArisGlobalMavenAuto.TestNGDemo5_2" name="OpenApp" time="12.495"/>
  <system-out/>
</testsuite> <!-- com.jarvis.pran.ArisGlobalMavenAuto.TestNGDemo5_2 -->
