<?xml version="1.0" encoding="UTF-8"?>
<!-- Generated by org.testng.reporters.JUnitReportReporter -->
<testsuite hostname="AGI-LT-1593" failures="0" tests="2" name="com.jarvis.pran.ArisGlobalMavenAuto.TestNGDemo2" time="9.395" errors="0" timestamp="2021-10-07T12:51:47 IST" skipped="0">
  <testcase classname="com.jarvis.pran.ArisGlobalMavenAuto.TestNGDemo2" name="OpenApp" time="4.713"/>
  <system-out/>
  <testcase classname="com.jarvis.pran.ArisGlobalMavenAuto.TestNGDemo2" name="CloseApp" time="4.682"/>
  <system-out/>
</testsuite> <!-- com.jarvis.pran.ArisGlobalMavenAuto.TestNGDemo2 -->
