<?xml version="1.0" encoding="UTF-8"?>
<!-- Generated by org.testng.reporters.JUnitReportReporter -->
<testsuite hostname="AGI-LT-1593" failures="0" tests="1" name="Google.GoogleTC" time="23.082" errors="0" timestamp="2021-10-11T11:24:14 IST" skipped="0">
  <testcase classname="Google.GoogleTC" name="TC001" time="23.082"/>
  <system-out/>
</testsuite> <!-- Google.GoogleTC -->
