<?xml version="1.0" encoding="UTF-8"?>
<!-- Generated by org.testng.reporters.JUnitReportReporter -->
<testsuite hostname="AGI-LT-1593" failures="0" tests="2" name="com.jarvis.pran.ArisGlobalMavenAuto.AutoTestNGEample" time="9.035" errors="0" timestamp="2021-10-07T11:35:54 IST" skipped="0">
  <testcase classname="com.jarvis.pran.ArisGlobalMavenAuto.AutoTestNGEample" name="CloseApp" time="1.423"/>
  <system-out/>
  <testcase classname="com.jarvis.pran.ArisGlobalMavenAuto.AutoTestNGEample" name="OpenApp" time="7.612"/>
  <system-out/>
</testsuite> <!-- com.jarvis.pran.ArisGlobalMavenAuto.AutoTestNGEample -->
